2026-01-20T12:46:15 | touched: scripts/interact.js
2025-03-31T10:52:58 | touched: test/Langchainkit.test.js
2025-03-18T09:26:35 | touched: scripts/frontend-integration.js
2025-11-16T05:10:53 | touched: scripts/api-server.js
2025-10-28T20:41:16 | touched: LICENSE
2025-02-20T09:04:39 | touched: .env.example
2025-06-29T05:39:34 | touched: package.json
2025-02-04T00:24:29 | touched: test/Langchainkit.test.js
2025-06-15T15:58:10 | touched: LICENSE
2025-11-04T10:56:36 | touched: README.md
2025-04-15T06:48:40 | touched: README.md
2025-01-02T02:19:54 | touched: scripts/deploy.js
2025-10-29T15:54:10 | touched: scripts/deploy.js
2025-10-08T22:59:42 | touched: scripts/api-server.js
2025-10-13T19:32:45 | touched: hardhat.config.js
2025-07-18T12:16:10 | touched: LICENSE
2025-09-27T11:19:11 | touched: README.md
2025-04-08T13:49:56 | touched: scripts/deploy.js
2025-03-14T22:11:11 | touched: LICENSE
2025-09-07T12:57:06 | touched: scripts/deploy.js
2025-04-10T20:13:35 | touched: scripts/api-server.js
2025-08-13T21:46:53 | touched: contracts/Langchainkit.sol
2025-09-12T16:00:46 | touched: hardhat.config.js
2025-11-14T07:33:25 | touched: scripts/interact.js
